2021-05-25T17:53:51.570Z [jffe ] [[34M[INFO ][39M] [                ] [                              ] [main                ] - frontend (jffe) service initialization started. Version: 1.19.2 Revision: 10000002 PID: 4268 Home: /opt/jfrog/artifactory
2021-05-25T17:53:51.580Z [jffe ] [[34M[INFO ][39M] [                ] [                              ] [main                ] - attempting pinging artifactory for 180 retires and 1.0s interval for total of 3 minutes
2021-05-25T17:54:00.671Z [jffe ] [[34M[INFO ][39M] [                ] [                              ] [main                ] - pinging artifactory, attempt number 10
2021-05-25T17:54:00.674Z [jffe ] [[34M[INFO ][39M] [                ] [                              ] [main                ] - pinging artifactory attempt number 10 failed with code : ECONNREFUSED
2021-05-25T17:54:10.703Z [jffe ] [[34M[INFO ][39M] [                ] [                              ] [main                ] - pinging artifactory, attempt number 20
2021-05-25T17:54:10.708Z [jffe ] [[34M[INFO ][39M] [                ] [                              ] [main                ] - pinging artifactory attempt number 20 failed with code : ECONNREFUSED
2021-05-25T17:54:20.773Z [jffe ] [[34M[INFO ][39M] [                ] [                              ] [main                ] - pinging artifactory, attempt number 30
2021-05-25T17:54:20.782Z [jffe ] [[34M[INFO ][39M] [                ] [                              ] [main                ] - pinging artifactory attempt number 30 failed with code : ECONNREFUSED
2021-05-25T17:54:25.812Z [jffe ] [[31M[1M[ERROR][22M[39M] [                ] [                              ] [main                ] - ArtifactoryClient::http [get] request to /api/system/ping failed with 404 code
2021-05-25T17:54:26.821Z [jffe ] [[31M[1M[ERROR][22M[39M] [                ] [                              ] [main                ] - ArtifactoryClient::http [get] request to /api/system/ping failed with 404 code
2021-05-25T17:54:27.826Z [jffe ] [[31M[1M[ERROR][22M[39M] [                ] [                              ] [main                ] - ArtifactoryClient::http [get] request to /api/system/ping failed with 404 code
2021-05-25T17:54:28.831Z [jffe ] [[31M[1M[ERROR][22M[39M] [                ] [                              ] [main                ] - ArtifactoryClient::http [get] request to /api/system/ping failed with 404 code
2021-05-25T17:54:29.840Z [jffe ] [[31M[1M[ERROR][22M[39M] [                ] [                              ] [main                ] - ArtifactoryClient::http [get] request to /api/system/ping failed with 404 code
2021-05-25T17:54:30.842Z [jffe ] [[34M[INFO ][39M] [                ] [                              ] [main                ] - pinging artifactory, attempt number 40
2021-05-25T17:54:30.847Z [jffe ] [[31M[1M[ERROR][22M[39M] [                ] [                              ] [main                ] - ArtifactoryClient::http [get] request to /api/system/ping failed with 404 code
2021-05-25T17:54:30.847Z [jffe ] [[34M[INFO ][39M] [                ] [                              ] [main                ] - pinging artifactory attempt number 40 failed with code : undefined
2021-05-25T17:54:31.850Z [jffe ] [[31M[1M[ERROR][22M[39M] [                ] [                              ] [main                ] - ArtifactoryClient::http [get] request to /api/system/ping failed with 404 code
2021-05-25T17:54:32.854Z [jffe ] [[31M[1M[ERROR][22M[39M] [                ] [                              ] [main                ] - ArtifactoryClient::http [get] request to /api/system/ping failed with 404 code
2021-05-25T17:54:33.864Z [jffe ] [[31M[1M[ERROR][22M[39M] [                ] [                              ] [main                ] - ArtifactoryClient::http [get] request to /api/system/ping failed with 503 code
2021-05-25T17:54:34.877Z [jffe ] [[31M[1M[ERROR][22M[39M] [                ] [                              ] [main                ] - ArtifactoryClient::http [get] request to /api/system/ping failed with 503 code
2021-05-25T17:54:35.888Z [jffe ] [[31M[1M[ERROR][22M[39M] [                ] [                              ] [main                ] - ArtifactoryClient::http [get] request to /api/system/ping failed with 503 code
2021-05-25T17:54:36.966Z [jffe ] [[31M[1M[ERROR][22M[39M] [                ] [                              ] [main                ] - ArtifactoryClient::http [get] request to /api/system/ping failed with 503 code
2021-05-25T17:54:37.971Z [jffe ] [[31M[1M[ERROR][22M[39M] [                ] [                              ] [main                ] - ArtifactoryClient::http [get] request to /api/system/ping failed with 503 code
2021-05-25T17:54:39.210Z [jffe ] [[34M[INFO ][39M] [                ] [                              ] [main                ] - artifactory was pinged successfully
2021-05-25T17:54:39.213Z [jffe ] [[34M[INFO ][39M] [                ] [                              ] [main                ] - setting service id - jffe@000
2021-05-25T17:54:39.274Z [jffe ] [[34M[INFO ][39M] [                ] [                              ] [main                ] - Cluster join: Successfully joined the cluster
2021-05-25T17:54:39.322Z [jffe ] [[34M[INFO ][39M] [                ] [                              ] [main                ] - UI service successfully registered on router, serviceId: jffe@000
2021-05-25T17:54:39.647Z [jffe ] [[34M[INFO ][39M] [                ] [                              ] [main                ] - Recurring tasks started
2021-05-25T17:54:40.213Z [jffe ] [[34M[INFO ][39M] [                ] [                              ] [main                ] - frontend (jffe) service initialization completed in 49.05 seconds. Listening on port: port 8070
